<?xml version="1.0" encoding="UTF-8"?>
<!-- Generated by org.testng.reporters.JUnitXMLReporter -->
<testsuite ignored="0" hostname="DESKTOP-LTU6D8L" failures="4" tests="7" name="BankingApp Test" time="94.706" errors="0" timestamp="2022-04-30T22:39:04 IST">
  <testcase classname="com.BankingMini.testCases.TC_LoginTest_001" name="loginTest" time="3.256">
    <failure type="java.lang.AssertionError" message="expected [true] but found [false]">
      <![CDATA[java.lang.AssertionError: expected [true] but found [false]
at com.BankingMini.testCases.TC_LoginTest_001.loginTest(TC_LoginTest_001.java:36)
at java.base/java.util.ArrayList.forEach(ArrayList.java:1507)
... Removed 31 stack frames]]>
    </failure>
  </testcase> <!-- loginTest -->
  <testcase classname="com.BankingMini.testCases.TC_LoginDDT_002" name="loginDDT" time="11.695"/>
  <testcase classname="com.BankingMini.testCases.TC_LoginDDT_002" name="loginDDT" time="6.126">
    <failure type="java.lang.AssertionError" message="expected [true] but found [false]">
      <![CDATA[java.lang.AssertionError: expected [true] but found [false]
at com.BankingMini.testCases.TC_LoginDDT_002.loginDDT(TC_LoginDDT_002.java:34)
at java.base/java.util.ArrayList.forEach(ArrayList.java:1507)
... Removed 31 stack frames]]>
    </failure>
  </testcase> <!-- loginDDT -->
  <testcase classname="com.BankingMini.testCases.TC_LoginDDT_002" name="loginDDT" time="6.012">
    <failure type="java.lang.AssertionError" message="expected [true] but found [false]">
      <![CDATA[java.lang.AssertionError: expected [true] but found [false]
at com.BankingMini.testCases.TC_LoginDDT_002.loginDDT(TC_LoginDDT_002.java:34)
at java.base/java.util.ArrayList.forEach(ArrayList.java:1507)
... Removed 31 stack frames]]>
    </failure>
  </testcase> <!-- loginDDT -->
  <testcase classname="com.BankingMini.testCases.TC_LoginDDT_002" name="loginDDT" time="11.224"/>
  <testcase classname="com.BankingMini.testCases.TC_LoginDDT_002" name="loginDDT" time="6.568">
    <failure type="java.lang.AssertionError" message="expected [true] but found [false]">
      <![CDATA[java.lang.AssertionError: expected [true] but found [false]
at com.BankingMini.testCases.TC_LoginDDT_002.loginDDT(TC_LoginDDT_002.java:34)
at java.base/java.util.ArrayList.forEach(ArrayList.java:1507)
... Removed 31 stack frames]]>
    </failure>
  </testcase> <!-- loginDDT -->
  <testcase classname="com.BankingMini.testCases.TC_AddCustomerTest_003" name="addNewCustomer" time="24.179"/>
</testsuite> <!-- BankingApp Test -->
